<?xml version="1.0" encoding="UTF-8"?>
<testng-results ignored="0" total="12" passed="11" failed="1" skipped="0">
  <reporter-output>
  </reporter-output>
  <suite started-at="2019-05-15T15:22:54Z" name="CRMPRO Application Test Suite" finished-at="2019-05-15T15:37:11Z" duration-ms="857592">
    <groups>
    </groups>
    <test started-at="2019-05-15T15:22:54Z" name="CRMPRO Application Regression Test Cases" finished-at="2019-05-15T15:37:11Z" duration-ms="857592">
      <class name="com.midhun.crmpro.tests.NewContactPageTest">
        <test-method is-config="true" signature="setUp()[pri:0, instance:com.midhun.crmpro.tests.NewContactPageTest@158a8276]" started-at="2019-05-15T15:27:41Z" name="setUp" finished-at="2019-05-15T15:28:28Z" duration-ms="46246" status="PASS">
          <reporter-output>
          </reporter-output>
        </test-method> <!-- setUp -->
        <test-method signature="createNewContactTest(java.lang.String, java.lang.String, java.lang.String, java.lang.String)[pri:1, instance:com.midhun.crmpro.tests.NewContactPageTest@158a8276]" started-at="2019-05-15T15:28:28Z" name="createNewContactTest" description="Create new contact" data-provider="getTestData" finished-at="2019-05-15T15:28:32Z" duration-ms="4681" status="PASS">
          <params>
            <param index="0">
              <value>
                <![CDATA[Mr.]]>
              </value>
            </param>
            <param index="1">
              <value>
                <![CDATA[Tom]]>
              </value>
            </param>
            <param index="2">
              <value>
                <![CDATA[Peter]]>
              </value>
            </param>
            <param index="3">
              <value>
                <![CDATA[Google]]>
              </value>
            </param>
          </params>
          <reporter-output>
          </reporter-output>
        </test-method> <!-- createNewContactTest -->
        <test-method is-config="true" signature="tearDown()[pri:0, instance:com.midhun.crmpro.tests.NewContactPageTest@158a8276]" started-at="2019-05-15T15:28:32Z" name="tearDown" finished-at="2019-05-15T15:28:35Z" duration-ms="3007" status="PASS">
          <reporter-output>
          </reporter-output>
        </test-method> <!-- tearDown -->
        <test-method is-config="true" signature="setUp()[pri:0, instance:com.midhun.crmpro.tests.NewContactPageTest@158a8276]" started-at="2019-05-15T15:28:35Z" name="setUp" finished-at="2019-05-15T15:29:25Z" duration-ms="49846" status="PASS">
          <reporter-output>
          </reporter-output>
        </test-method> <!-- setUp -->
        <test-method signature="createNewContactTest(java.lang.String, java.lang.String, java.lang.String, java.lang.String)[pri:1, instance:com.midhun.crmpro.tests.NewContactPageTest@158a8276]" started-at="2019-05-15T15:29:25Z" name="createNewContactTest" description="Create new contact" data-provider="getTestData" finished-at="2019-05-15T15:29:29Z" duration-ms="3925" status="PASS">
          <params>
            <param index="0">
              <value>
                <![CDATA[Dr.]]>
              </value>
            </param>
            <param index="1">
              <value>
                <![CDATA[Chris]]>
              </value>
            </param>
            <param index="2">
              <value>
                <![CDATA[David]]>
              </value>
            </param>
            <param index="3">
              <value>
                <![CDATA[Amazon]]>
              </value>
            </param>
          </params>
          <reporter-output>
          </reporter-output>
        </test-method> <!-- createNewContactTest -->
        <test-method is-config="true" signature="tearDown()[pri:0, instance:com.midhun.crmpro.tests.NewContactPageTest@158a8276]" started-at="2019-05-15T15:29:29Z" name="tearDown" finished-at="2019-05-15T15:29:32Z" duration-ms="2913" status="PASS">
          <reporter-output>
          </reporter-output>
        </test-method> <!-- tearDown -->
        <test-method is-config="true" signature="setUp()[pri:0, instance:com.midhun.crmpro.tests.NewContactPageTest@158a8276]" started-at="2019-05-15T15:29:32Z" name="setUp" finished-at="2019-05-15T15:30:18Z" duration-ms="45554" status="PASS">
          <reporter-output>
          </reporter-output>
        </test-method> <!-- setUp -->
        <test-method signature="createNewContactTest(java.lang.String, java.lang.String, java.lang.String, java.lang.String)[pri:1, instance:com.midhun.crmpro.tests.NewContactPageTest@158a8276]" started-at="2019-05-15T15:30:18Z" name="createNewContactTest" description="Create new contact" data-provider="getTestData" finished-at="2019-05-15T15:30:21Z" duration-ms="3531" status="PASS">
          <params>
            <param index="0">
              <value>
                <![CDATA[Mrs.]]>
              </value>
            </param>
            <param index="1">
              <value>
                <![CDATA[Jassym]]>
              </value>
            </param>
            <param index="2">
              <value>
                <![CDATA[Lora]]>
              </value>
            </param>
            <param index="3">
              <value>
                <![CDATA[Ebay]]>
              </value>
            </param>
          </params>
          <reporter-output>
          </reporter-output>
        </test-method> <!-- createNewContactTest -->
        <test-method is-config="true" signature="tearDown()[pri:0, instance:com.midhun.crmpro.tests.NewContactPageTest@158a8276]" started-at="2019-05-15T15:30:21Z" name="tearDown" finished-at="2019-05-15T15:30:24Z" duration-ms="2919" status="PASS">
          <reporter-output>
          </reporter-output>
        </test-method> <!-- tearDown -->
      </class> <!-- com.midhun.crmpro.tests.NewContactPageTest -->
      <class name="com.midhun.crmpro.tests.HomePageTest">
        <test-method is-config="true" signature="setUp()[pri:0, instance:com.midhun.crmpro.tests.HomePageTest@7d8704ef]" started-at="2019-05-15T15:24:40Z" name="setUp" finished-at="2019-05-15T15:26:01Z" duration-ms="81293" status="PASS">
          <reporter-output>
          </reporter-output>
        </test-method> <!-- setUp -->
        <test-method signature="validateHomePageTitleTest()[pri:1, instance:com.midhun.crmpro.tests.HomePageTest@7d8704ef]" started-at="2019-05-15T15:26:01Z" name="validateHomePageTitleTest" description="Validate home page title" finished-at="2019-05-15T15:26:01Z" duration-ms="13" status="PASS">
          <reporter-output>
          </reporter-output>
        </test-method> <!-- validateHomePageTitleTest -->
        <test-method is-config="true" signature="tearDown()[pri:0, instance:com.midhun.crmpro.tests.HomePageTest@7d8704ef]" started-at="2019-05-15T15:26:01Z" name="tearDown" finished-at="2019-05-15T15:26:33Z" duration-ms="31114" status="PASS">
          <reporter-output>
          </reporter-output>
        </test-method> <!-- tearDown -->
        <test-method is-config="true" signature="setUp()[pri:0, instance:com.midhun.crmpro.tests.HomePageTest@7d8704ef]" started-at="2019-05-15T15:30:59Z" name="setUp" finished-at="2019-05-15T15:31:43Z" duration-ms="43950" status="PASS">
          <reporter-output>
          </reporter-output>
        </test-method> <!-- setUp -->
        <test-method signature="validateLoggedInUserNameTest()[pri:2, instance:com.midhun.crmpro.tests.HomePageTest@7d8704ef]" started-at="2019-05-15T15:31:43Z" name="validateLoggedInUserNameTest" description="Validate logged in username" finished-at="2019-05-15T15:31:52Z" duration-ms="8985" status="PASS">
          <reporter-output>
          </reporter-output>
        </test-method> <!-- validateLoggedInUserNameTest -->
        <test-method is-config="true" signature="tearDown()[pri:0, instance:com.midhun.crmpro.tests.HomePageTest@7d8704ef]" started-at="2019-05-15T15:31:52Z" name="tearDown" finished-at="2019-05-15T15:31:55Z" duration-ms="2931" status="PASS">
          <reporter-output>
          </reporter-output>
        </test-method> <!-- tearDown -->
        <test-method is-config="true" signature="setUp()[pri:0, instance:com.midhun.crmpro.tests.HomePageTest@7d8704ef]" started-at="2019-05-15T15:34:13Z" name="setUp" finished-at="2019-05-15T15:35:34Z" duration-ms="81174" status="PASS">
          <reporter-output>
          </reporter-output>
        </test-method> <!-- setUp -->
        <test-method signature="validateContactsLink()[pri:3, instance:com.midhun.crmpro.tests.HomePageTest@7d8704ef]" started-at="2019-05-15T15:35:34Z" name="validateContactsLink" description="Validate Contacts link" finished-at="2019-05-15T15:35:49Z" duration-ms="15242" status="PASS">
          <reporter-output>
          </reporter-output>
        </test-method> <!-- validateContactsLink -->
        <test-method is-config="true" signature="tearDown()[pri:0, instance:com.midhun.crmpro.tests.HomePageTest@7d8704ef]" started-at="2019-05-15T15:35:49Z" name="tearDown" finished-at="2019-05-15T15:35:52Z" duration-ms="3343" status="PASS">
          <reporter-output>
          </reporter-output>
        </test-method> <!-- tearDown -->
      </class> <!-- com.midhun.crmpro.tests.HomePageTest -->
      <class name="com.midhun.crmpro.tests.LoginPageTest">
        <test-method is-config="true" signature="setUp()[pri:0, instance:com.midhun.crmpro.tests.LoginPageTest@17f7cd29]" started-at="2019-05-15T15:22:54Z" name="setUp" finished-at="2019-05-15T15:24:26Z" duration-ms="92298" status="PASS">
          <reporter-output>
          </reporter-output>
        </test-method> <!-- setUp -->
        <test-method signature="validateLoginPageTitleTest()[pri:1, instance:com.midhun.crmpro.tests.LoginPageTest@17f7cd29]" started-at="2019-05-15T15:24:26Z" name="validateLoginPageTitleTest" description="Validate login page title" finished-at="2019-05-15T15:24:26Z" duration-ms="105" status="FAIL">
          <exception class="java.lang.AssertionError">
            <message>
              <![CDATA[expected [CRMPRO  - CRM software for customer relationship management, sales, and support.] but found [CRMPRO - CRM software for customer relationship management, sales, and support.]]]>
            </message>
            <full-stacktrace>
              <![CDATA[java.lang.AssertionError: expected [CRMPRO  - CRM software for customer relationship management, sales, and support.] but found [CRMPRO - CRM software for customer relationship management, sales, and support.]
at org.testng.Assert.fail(Assert.java:96)
at org.testng.Assert.failNotEquals(Assert.java:776)
at org.testng.Assert.assertEqualsImpl(Assert.java:137)
at org.testng.Assert.assertEquals(Assert.java:118)
at org.testng.Assert.assertEquals(Assert.java:453)
at org.testng.Assert.assertEquals(Assert.java:463)
at com.midhun.crmpro.tests.LoginPageTest.validateLoginPageTitleTest(LoginPageTest.java:25)
at java.base/jdk.internal.reflect.NativeMethodAccessorImpl.invoke0(Native Method)
at java.base/jdk.internal.reflect.NativeMethodAccessorImpl.invoke(NativeMethodAccessorImpl.java:62)
at java.base/jdk.internal.reflect.DelegatingMethodAccessorImpl.invoke(DelegatingMethodAccessorImpl.java:43)
at java.base/java.lang.reflect.Method.invoke(Method.java:566)
at org.testng.internal.MethodInvocationHelper.invokeMethod(MethodInvocationHelper.java:124)
at org.testng.internal.Invoker.invokeMethod(Invoker.java:583)
at org.testng.internal.Invoker.invokeTestMethod(Invoker.java:719)
at org.testng.internal.Invoker.invokeTestMethods(Invoker.java:989)
at org.testng.internal.TestMethodWorker.invokeTestMethods(TestMethodWorker.java:125)
at org.testng.internal.TestMethodWorker.run(TestMethodWorker.java:109)
at org.testng.TestRunner.privateRun(TestRunner.java:648)
at org.testng.TestRunner.run(TestRunner.java:505)
at org.testng.SuiteRunner.runTest(SuiteRunner.java:455)
at org.testng.SuiteRunner.runSequentially(SuiteRunner.java:450)
at org.testng.SuiteRunner.privateRun(SuiteRunner.java:415)
at org.testng.SuiteRunner.run(SuiteRunner.java:364)
at org.testng.SuiteRunnerWorker.runSuite(SuiteRunnerWorker.java:52)
at org.testng.SuiteRunnerWorker.run(SuiteRunnerWorker.java:84)
at org.testng.TestNG.runSuitesSequentially(TestNG.java:1208)
at org.testng.TestNG.runSuitesLocally(TestNG.java:1137)
at org.testng.TestNG.runSuites(TestNG.java:1049)
at org.testng.TestNG.run(TestNG.java:1017)
at org.apache.maven.surefire.testng.TestNGExecutor.run(TestNGExecutor.java:283)
at org.apache.maven.surefire.testng.TestNGXmlTestSuite.execute(TestNGXmlTestSuite.java:75)
at org.apache.maven.surefire.testng.TestNGProvider.invoke(TestNGProvider.java:120)
at org.apache.maven.surefire.booter.ForkedBooter.invokeProviderInSameClassLoader(ForkedBooter.java:384)
at org.apache.maven.surefire.booter.ForkedBooter.runSuitesInProcess(ForkedBooter.java:345)
at org.apache.maven.surefire.booter.ForkedBooter.execute(ForkedBooter.java:126)
at org.apache.maven.surefire.booter.ForkedBooter.main(ForkedBooter.java:418)
]]>
            </full-stacktrace>
          </exception> <!-- java.lang.AssertionError -->
          <reporter-output>
          </reporter-output>
        </test-method> <!-- validateLoginPageTitleTest -->
        <test-method is-config="true" signature="tearDown()[pri:0, instance:com.midhun.crmpro.tests.LoginPageTest@17f7cd29]" started-at="2019-05-15T15:24:27Z" name="tearDown" finished-at="2019-05-15T15:24:40Z" duration-ms="12925" status="PASS">
          <reporter-output>
          </reporter-output>
        </test-method> <!-- tearDown -->
        <test-method is-config="true" signature="setUp()[pri:0, instance:com.midhun.crmpro.tests.LoginPageTest@17f7cd29]" started-at="2019-05-15T15:30:24Z" name="setUp" finished-at="2019-05-15T15:30:56Z" duration-ms="31898" status="PASS">
          <reporter-output>
          </reporter-output>
        </test-method> <!-- setUp -->
        <test-method signature="crmproLogoTest()[pri:2, instance:com.midhun.crmpro.tests.LoginPageTest@17f7cd29]" started-at="2019-05-15T15:30:56Z" name="crmproLogoTest" description="Validate CRMPRO logo" finished-at="2019-05-15T15:30:56Z" duration-ms="30" status="PASS">
          <reporter-output>
          </reporter-output>
        </test-method> <!-- crmproLogoTest -->
        <test-method is-config="true" signature="tearDown()[pri:0, instance:com.midhun.crmpro.tests.LoginPageTest@17f7cd29]" started-at="2019-05-15T15:30:56Z" name="tearDown" finished-at="2019-05-15T15:30:59Z" duration-ms="2975" status="PASS">
          <reporter-output>
          </reporter-output>
        </test-method> <!-- tearDown -->
        <test-method is-config="true" signature="setUp()[pri:0, instance:com.midhun.crmpro.tests.LoginPageTest@17f7cd29]" started-at="2019-05-15T15:33:18Z" name="setUp" finished-at="2019-05-15T15:33:54Z" duration-ms="36463" status="PASS">
          <reporter-output>
          </reporter-output>
        </test-method> <!-- setUp -->
        <test-method signature="loginTest()[pri:3, instance:com.midhun.crmpro.tests.LoginPageTest@17f7cd29]" started-at="2019-05-15T15:33:54Z" name="loginTest" description="Validate login" finished-at="2019-05-15T15:34:09Z" duration-ms="15491" status="PASS">
          <reporter-output>
          </reporter-output>
        </test-method> <!-- loginTest -->
        <test-method is-config="true" signature="tearDown()[pri:0, instance:com.midhun.crmpro.tests.LoginPageTest@17f7cd29]" started-at="2019-05-15T15:34:09Z" name="tearDown" finished-at="2019-05-15T15:34:13Z" duration-ms="3134" status="PASS">
          <reporter-output>
          </reporter-output>
        </test-method> <!-- tearDown -->
      </class> <!-- com.midhun.crmpro.tests.LoginPageTest -->
      <class name="com.midhun.crmpro.tests.ContactsPageTest">
        <test-method is-config="true" signature="setUp()[pri:0, instance:com.midhun.crmpro.tests.ContactsPageTest@13b6aecc]" started-at="2019-05-15T15:26:33Z" name="setUp" finished-at="2019-05-15T15:27:36Z" duration-ms="63794" status="PASS">
          <reporter-output>
          </reporter-output>
        </test-method> <!-- setUp -->
        <test-method signature="validateContactsLabelTest()[pri:1, instance:com.midhun.crmpro.tests.ContactsPageTest@13b6aecc]" started-at="2019-05-15T15:27:36Z" name="validateContactsLabelTest" description="Validate Contacts label" finished-at="2019-05-15T15:27:36Z" duration-ms="105" status="PASS">
          <reporter-output>
          </reporter-output>
        </test-method> <!-- validateContactsLabelTest -->
        <test-method is-config="true" signature="tearDown()[pri:0, instance:com.midhun.crmpro.tests.ContactsPageTest@13b6aecc]" started-at="2019-05-15T15:27:36Z" name="tearDown" finished-at="2019-05-15T15:27:40Z" duration-ms="3051" status="PASS">
          <reporter-output>
          </reporter-output>
        </test-method> <!-- tearDown -->
        <test-method is-config="true" signature="setUp()[pri:0, instance:com.midhun.crmpro.tests.ContactsPageTest@13b6aecc]" started-at="2019-05-15T15:31:55Z" name="setUp" finished-at="2019-05-15T15:33:09Z" duration-ms="74661" status="PASS">
          <reporter-output>
          </reporter-output>
        </test-method> <!-- setUp -->
        <test-method signature="selectSingleContactTest()[pri:2, instance:com.midhun.crmpro.tests.ContactsPageTest@13b6aecc]" started-at="2019-05-15T15:33:09Z" name="selectSingleContactTest" description="User select single contact" finished-at="2019-05-15T15:33:15Z" duration-ms="5094" status="PASS">
          <reporter-output>
          </reporter-output>
        </test-method> <!-- selectSingleContactTest -->
        <test-method is-config="true" signature="tearDown()[pri:0, instance:com.midhun.crmpro.tests.ContactsPageTest@13b6aecc]" started-at="2019-05-15T15:33:15Z" name="tearDown" finished-at="2019-05-15T15:33:18Z" duration-ms="2976" status="PASS">
          <reporter-output>
          </reporter-output>
        </test-method> <!-- tearDown -->
        <test-method is-config="true" signature="setUp()[pri:0, instance:com.midhun.crmpro.tests.ContactsPageTest@13b6aecc]" started-at="2019-05-15T15:35:52Z" name="setUp" finished-at="2019-05-15T15:36:58Z" duration-ms="65614" status="PASS">
          <reporter-output>
          </reporter-output>
        </test-method> <!-- setUp -->
        <test-method signature="selectMultipleContactsTest()[pri:3, instance:com.midhun.crmpro.tests.ContactsPageTest@13b6aecc]" started-at="2019-05-15T15:36:58Z" name="selectMultipleContactsTest" description="User select multiple contacts" finished-at="2019-05-15T15:37:08Z" duration-ms="10125" status="PASS">
          <reporter-output>
          </reporter-output>
        </test-method> <!-- selectMultipleContactsTest -->
        <test-method is-config="true" signature="tearDown()[pri:0, instance:com.midhun.crmpro.tests.ContactsPageTest@13b6aecc]" started-at="2019-05-15T15:37:08Z" name="tearDown" finished-at="2019-05-15T15:37:11Z" duration-ms="3142" status="PASS">
          <reporter-output>
          </reporter-output>
        </test-method> <!-- tearDown -->
      </class> <!-- com.midhun.crmpro.tests.ContactsPageTest -->
    </test> <!-- CRMPRO Application Regression Test Cases -->
  </suite> <!-- CRMPRO Application Test Suite -->
</testng-results>
