<?xml version="1.0" encoding="UTF-8"?>
<testng-results ignored="0" total="12" passed="11" failed="1" skipped="0">
  <reporter-output>
  </reporter-output>
  <suite started-at="2019-07-08T16:08:01Z" name="CRMPRO Application Test Suite" finished-at="2019-07-08T16:21:18Z" duration-ms="797754">
    <groups>
    </groups>
    <test started-at="2019-07-08T16:08:01Z" name="CRMPRO Application Regression Test Cases" finished-at="2019-07-08T16:21:18Z" duration-ms="797754">
      <class name="com.midhun.crmpro.tests.NewContactPageTest">
        <test-method is-config="true" signature="setUp()[pri:0, instance:com.midhun.crmpro.tests.NewContactPageTest@60641ec8]" started-at="2019-07-08T16:17:46Z" name="setUp" finished-at="2019-07-08T16:18:51Z" duration-ms="65769" status="PASS">
          <reporter-output>
          </reporter-output>
        </test-method> <!-- setUp -->
        <test-method signature="createNewContactTest(java.lang.String, java.lang.String, java.lang.String, java.lang.String)[pri:10, instance:com.midhun.crmpro.tests.NewContactPageTest@60641ec8]" started-at="2019-07-08T16:18:51Z" name="createNewContactTest" description="Create new contact" data-provider="getTestData" finished-at="2019-07-08T16:18:56Z" duration-ms="4164" status="PASS">
          <params>
            <param index="0">
              <value>
                <![CDATA[Mr.]]>
              </value>
            </param>
            <param index="1">
              <value>
                <![CDATA[Tom]]>
              </value>
            </param>
            <param index="2">
              <value>
                <![CDATA[Peter]]>
              </value>
            </param>
            <param index="3">
              <value>
                <![CDATA[Google]]>
              </value>
            </param>
          </params>
          <reporter-output>
          </reporter-output>
        </test-method> <!-- createNewContactTest -->
        <test-method is-config="true" signature="tearDown()[pri:0, instance:com.midhun.crmpro.tests.NewContactPageTest@60641ec8]" started-at="2019-07-08T16:18:56Z" name="tearDown" finished-at="2019-07-08T16:18:56Z" duration-ms="817" status="PASS">
          <reporter-output>
          </reporter-output>
        </test-method> <!-- tearDown -->
        <test-method is-config="true" signature="setUp()[pri:0, instance:com.midhun.crmpro.tests.NewContactPageTest@60641ec8]" started-at="2019-07-08T16:18:56Z" name="setUp" finished-at="2019-07-08T16:20:08Z" duration-ms="71215" status="PASS">
          <reporter-output>
          </reporter-output>
        </test-method> <!-- setUp -->
        <test-method signature="createNewContactTest(java.lang.String, java.lang.String, java.lang.String, java.lang.String)[pri:10, instance:com.midhun.crmpro.tests.NewContactPageTest@60641ec8]" started-at="2019-07-08T16:20:08Z" name="createNewContactTest" description="Create new contact" data-provider="getTestData" finished-at="2019-07-08T16:20:12Z" duration-ms="3887" status="PASS">
          <params>
            <param index="0">
              <value>
                <![CDATA[Dr.]]>
              </value>
            </param>
            <param index="1">
              <value>
                <![CDATA[Chris]]>
              </value>
            </param>
            <param index="2">
              <value>
                <![CDATA[David]]>
              </value>
            </param>
            <param index="3">
              <value>
                <![CDATA[Amazon]]>
              </value>
            </param>
          </params>
          <reporter-output>
          </reporter-output>
        </test-method> <!-- createNewContactTest -->
        <test-method is-config="true" signature="tearDown()[pri:0, instance:com.midhun.crmpro.tests.NewContactPageTest@60641ec8]" started-at="2019-07-08T16:20:12Z" name="tearDown" finished-at="2019-07-08T16:20:12Z" duration-ms="798" status="PASS">
          <reporter-output>
          </reporter-output>
        </test-method> <!-- tearDown -->
        <test-method is-config="true" signature="setUp()[pri:0, instance:com.midhun.crmpro.tests.NewContactPageTest@60641ec8]" started-at="2019-07-08T16:20:12Z" name="setUp" finished-at="2019-07-08T16:21:14Z" duration-ms="61826" status="PASS">
          <reporter-output>
          </reporter-output>
        </test-method> <!-- setUp -->
        <test-method signature="createNewContactTest(java.lang.String, java.lang.String, java.lang.String, java.lang.String)[pri:10, instance:com.midhun.crmpro.tests.NewContactPageTest@60641ec8]" started-at="2019-07-08T16:21:14Z" name="createNewContactTest" description="Create new contact" data-provider="getTestData" finished-at="2019-07-08T16:21:18Z" duration-ms="3347" status="PASS">
          <params>
            <param index="0">
              <value>
                <![CDATA[Mrs.]]>
              </value>
            </param>
            <param index="1">
              <value>
                <![CDATA[Jassym]]>
              </value>
            </param>
            <param index="2">
              <value>
                <![CDATA[Lora]]>
              </value>
            </param>
            <param index="3">
              <value>
                <![CDATA[Ebay]]>
              </value>
            </param>
          </params>
          <reporter-output>
          </reporter-output>
        </test-method> <!-- createNewContactTest -->
        <test-method is-config="true" signature="tearDown()[pri:0, instance:com.midhun.crmpro.tests.NewContactPageTest@60641ec8]" started-at="2019-07-08T16:21:18Z" name="tearDown" finished-at="2019-07-08T16:21:18Z" duration-ms="864" status="PASS">
          <reporter-output>
          </reporter-output>
        </test-method> <!-- tearDown -->
      </class> <!-- com.midhun.crmpro.tests.NewContactPageTest -->
      <class name="com.midhun.crmpro.tests.HomePageTest">
        <test-method is-config="true" signature="setUp()[pri:0, instance:com.midhun.crmpro.tests.HomePageTest@40cb698e]" started-at="2019-07-08T16:10:08Z" name="setUp" finished-at="2019-07-08T16:11:03Z" duration-ms="55163" status="PASS">
          <reporter-output>
          </reporter-output>
        </test-method> <!-- setUp -->
        <test-method signature="validateHomePageTitleTest()[pri:4, instance:com.midhun.crmpro.tests.HomePageTest@40cb698e]" started-at="2019-07-08T16:11:03Z" name="validateHomePageTitleTest" description="Validate home page title" finished-at="2019-07-08T16:11:03Z" duration-ms="21" status="PASS">
          <reporter-output>
          </reporter-output>
        </test-method> <!-- validateHomePageTitleTest -->
        <test-method is-config="true" signature="tearDown()[pri:0, instance:com.midhun.crmpro.tests.HomePageTest@40cb698e]" started-at="2019-07-08T16:11:03Z" name="tearDown" finished-at="2019-07-08T16:11:04Z" duration-ms="815" status="PASS">
          <reporter-output>
          </reporter-output>
        </test-method> <!-- tearDown -->
        <test-method is-config="true" signature="setUp()[pri:0, instance:com.midhun.crmpro.tests.HomePageTest@40cb698e]" started-at="2019-07-08T16:11:04Z" name="setUp" finished-at="2019-07-08T16:12:02Z" duration-ms="58459" status="PASS">
          <reporter-output>
          </reporter-output>
        </test-method> <!-- setUp -->
        <test-method signature="validateLoggedInUserNameTest()[pri:5, instance:com.midhun.crmpro.tests.HomePageTest@40cb698e]" started-at="2019-07-08T16:12:02Z" name="validateLoggedInUserNameTest" description="Validate logged in username" finished-at="2019-07-08T16:12:02Z" duration-ms="232" status="PASS">
          <reporter-output>
          </reporter-output>
        </test-method> <!-- validateLoggedInUserNameTest -->
        <test-method is-config="true" signature="tearDown()[pri:0, instance:com.midhun.crmpro.tests.HomePageTest@40cb698e]" started-at="2019-07-08T16:12:02Z" name="tearDown" finished-at="2019-07-08T16:12:03Z" duration-ms="778" status="PASS">
          <reporter-output>
          </reporter-output>
        </test-method> <!-- tearDown -->
        <test-method is-config="true" signature="setUp()[pri:0, instance:com.midhun.crmpro.tests.HomePageTest@40cb698e]" started-at="2019-07-08T16:12:03Z" name="setUp" finished-at="2019-07-08T16:12:59Z" duration-ms="55839" status="PASS">
          <reporter-output>
          </reporter-output>
        </test-method> <!-- setUp -->
        <test-method signature="validateContactsLink()[pri:6, instance:com.midhun.crmpro.tests.HomePageTest@40cb698e]" started-at="2019-07-08T16:12:59Z" name="validateContactsLink" description="Validate Contacts link" finished-at="2019-07-08T16:13:21Z" duration-ms="21509" status="PASS">
          <reporter-output>
          </reporter-output>
        </test-method> <!-- validateContactsLink -->
        <test-method is-config="true" signature="tearDown()[pri:0, instance:com.midhun.crmpro.tests.HomePageTest@40cb698e]" started-at="2019-07-08T16:13:21Z" name="tearDown" finished-at="2019-07-08T16:13:21Z" duration-ms="801" status="PASS">
          <reporter-output>
          </reporter-output>
        </test-method> <!-- tearDown -->
      </class> <!-- com.midhun.crmpro.tests.HomePageTest -->
      <class name="com.midhun.crmpro.tests.LoginPageTest">
        <test-method is-config="true" signature="setUp()[pri:0, instance:com.midhun.crmpro.tests.LoginPageTest@5dd91bca]" started-at="2019-07-08T16:08:01Z" name="setUp" finished-at="2019-07-08T16:08:35Z" duration-ms="33780" status="PASS">
          <reporter-output>
          </reporter-output>
        </test-method> <!-- setUp -->
        <test-method signature="validateLoginPageTitleTest()[pri:1, instance:com.midhun.crmpro.tests.LoginPageTest@5dd91bca]" started-at="2019-07-08T16:08:35Z" name="validateLoginPageTitleTest" description="Validate login page title" finished-at="2019-07-08T16:08:35Z" duration-ms="50" status="FAIL">
          <exception class="java.lang.AssertionError">
            <message>
              <![CDATA[expected [CRMPRO  - CRM software for customer relationship management, sales, and support.] but found [CRM says…]]]>
            </message>
            <full-stacktrace>
              <![CDATA[java.lang.AssertionError: expected [CRMPRO  - CRM software for customer relationship management, sales, and support.] but found [CRM says…]
at org.testng.Assert.fail(Assert.java:96)
at org.testng.Assert.failNotEquals(Assert.java:776)
at org.testng.Assert.assertEqualsImpl(Assert.java:137)
at org.testng.Assert.assertEquals(Assert.java:118)
at org.testng.Assert.assertEquals(Assert.java:453)
at org.testng.Assert.assertEquals(Assert.java:463)
at com.midhun.crmpro.tests.LoginPageTest.validateLoginPageTitleTest(LoginPageTest.java:25)
at java.base/jdk.internal.reflect.NativeMethodAccessorImpl.invoke0(Native Method)
at java.base/jdk.internal.reflect.NativeMethodAccessorImpl.invoke(NativeMethodAccessorImpl.java:62)
at java.base/jdk.internal.reflect.DelegatingMethodAccessorImpl.invoke(DelegatingMethodAccessorImpl.java:43)
at java.base/java.lang.reflect.Method.invoke(Method.java:566)
at org.testng.internal.MethodInvocationHelper.invokeMethod(MethodInvocationHelper.java:124)
at org.testng.internal.Invoker.invokeMethod(Invoker.java:583)
at org.testng.internal.Invoker.invokeTestMethod(Invoker.java:719)
at org.testng.internal.Invoker.invokeTestMethods(Invoker.java:989)
at org.testng.internal.TestMethodWorker.invokeTestMethods(TestMethodWorker.java:125)
at org.testng.internal.TestMethodWorker.run(TestMethodWorker.java:109)
at org.testng.TestRunner.privateRun(TestRunner.java:648)
at org.testng.TestRunner.run(TestRunner.java:505)
at org.testng.SuiteRunner.runTest(SuiteRunner.java:455)
at org.testng.SuiteRunner.runSequentially(SuiteRunner.java:450)
at org.testng.SuiteRunner.privateRun(SuiteRunner.java:415)
at org.testng.SuiteRunner.run(SuiteRunner.java:364)
at org.testng.SuiteRunnerWorker.runSuite(SuiteRunnerWorker.java:52)
at org.testng.SuiteRunnerWorker.run(SuiteRunnerWorker.java:84)
at org.testng.TestNG.runSuitesSequentially(TestNG.java:1208)
at org.testng.TestNG.runSuitesLocally(TestNG.java:1137)
at org.testng.TestNG.runSuites(TestNG.java:1049)
at org.testng.TestNG.run(TestNG.java:1017)
at org.testng.remote.AbstractRemoteTestNG.run(AbstractRemoteTestNG.java:115)
at org.testng.remote.RemoteTestNG.initAndRun(RemoteTestNG.java:251)
at org.testng.remote.RemoteTestNG.main(RemoteTestNG.java:77)
]]>
            </full-stacktrace>
          </exception> <!-- java.lang.AssertionError -->
          <reporter-output>
          </reporter-output>
        </test-method> <!-- validateLoginPageTitleTest -->
        <test-method is-config="true" signature="tearDown()[pri:0, instance:com.midhun.crmpro.tests.LoginPageTest@5dd91bca]" started-at="2019-07-08T16:08:36Z" name="tearDown" finished-at="2019-07-08T16:08:37Z" duration-ms="788" status="PASS">
          <reporter-output>
          </reporter-output>
        </test-method> <!-- tearDown -->
        <test-method is-config="true" signature="setUp()[pri:0, instance:com.midhun.crmpro.tests.LoginPageTest@5dd91bca]" started-at="2019-07-08T16:08:37Z" name="setUp" finished-at="2019-07-08T16:09:08Z" duration-ms="31399" status="PASS">
          <reporter-output>
          </reporter-output>
        </test-method> <!-- setUp -->
        <test-method signature="crmproLogoTest()[pri:2, instance:com.midhun.crmpro.tests.LoginPageTest@5dd91bca]" started-at="2019-07-08T16:09:08Z" name="crmproLogoTest" description="Validate CRMPRO logo" finished-at="2019-07-08T16:09:09Z" duration-ms="195" status="PASS">
          <reporter-output>
          </reporter-output>
        </test-method> <!-- crmproLogoTest -->
        <test-method is-config="true" signature="tearDown()[pri:0, instance:com.midhun.crmpro.tests.LoginPageTest@5dd91bca]" started-at="2019-07-08T16:09:09Z" name="tearDown" finished-at="2019-07-08T16:09:09Z" duration-ms="783" status="PASS">
          <reporter-output>
          </reporter-output>
        </test-method> <!-- tearDown -->
        <test-method is-config="true" signature="setUp()[pri:0, instance:com.midhun.crmpro.tests.LoginPageTest@5dd91bca]" started-at="2019-07-08T16:09:09Z" name="setUp" finished-at="2019-07-08T16:09:41Z" duration-ms="31695" status="PASS">
          <reporter-output>
          </reporter-output>
        </test-method> <!-- setUp -->
        <test-method signature="loginTest()[pri:3, instance:com.midhun.crmpro.tests.LoginPageTest@5dd91bca]" started-at="2019-07-08T16:09:41Z" name="loginTest" description="Validate login" finished-at="2019-07-08T16:10:07Z" duration-ms="25749" status="PASS">
          <reporter-output>
          </reporter-output>
        </test-method> <!-- loginTest -->
        <test-method is-config="true" signature="tearDown()[pri:0, instance:com.midhun.crmpro.tests.LoginPageTest@5dd91bca]" started-at="2019-07-08T16:10:07Z" name="tearDown" finished-at="2019-07-08T16:10:08Z" duration-ms="798" status="PASS">
          <reporter-output>
          </reporter-output>
        </test-method> <!-- tearDown -->
      </class> <!-- com.midhun.crmpro.tests.LoginPageTest -->
      <class name="com.midhun.crmpro.tests.ContactsPageTest">
        <test-method is-config="true" signature="setUp()[pri:0, instance:com.midhun.crmpro.tests.ContactsPageTest@3382f8ae]" started-at="2019-07-08T16:13:21Z" name="setUp" finished-at="2019-07-08T16:14:41Z" duration-ms="80176" status="PASS">
          <reporter-output>
          </reporter-output>
        </test-method> <!-- setUp -->
        <test-method signature="validateContactsLabelTest()[pri:7, instance:com.midhun.crmpro.tests.ContactsPageTest@3382f8ae]" started-at="2019-07-08T16:14:41Z" name="validateContactsLabelTest" description="Validate Contacts label" finished-at="2019-07-08T16:14:42Z" duration-ms="122" status="PASS">
          <reporter-output>
          </reporter-output>
        </test-method> <!-- validateContactsLabelTest -->
        <test-method is-config="true" signature="tearDown()[pri:0, instance:com.midhun.crmpro.tests.ContactsPageTest@3382f8ae]" started-at="2019-07-08T16:14:42Z" name="tearDown" finished-at="2019-07-08T16:14:42Z" duration-ms="799" status="PASS">
          <reporter-output>
          </reporter-output>
        </test-method> <!-- tearDown -->
        <test-method is-config="true" signature="setUp()[pri:0, instance:com.midhun.crmpro.tests.ContactsPageTest@3382f8ae]" started-at="2019-07-08T16:14:42Z" name="setUp" finished-at="2019-07-08T16:16:08Z" duration-ms="85811" status="PASS">
          <reporter-output>
          </reporter-output>
        </test-method> <!-- setUp -->
        <test-method signature="selectSingleContactTest()[pri:8, instance:com.midhun.crmpro.tests.ContactsPageTest@3382f8ae]" started-at="2019-07-08T16:16:08Z" name="selectSingleContactTest" description="User select single contact" finished-at="2019-07-08T16:16:13Z" duration-ms="5250" status="PASS">
          <reporter-output>
          </reporter-output>
        </test-method> <!-- selectSingleContactTest -->
        <test-method is-config="true" signature="tearDown()[pri:0, instance:com.midhun.crmpro.tests.ContactsPageTest@3382f8ae]" started-at="2019-07-08T16:16:13Z" name="tearDown" finished-at="2019-07-08T16:16:14Z" duration-ms="857" status="PASS">
          <reporter-output>
          </reporter-output>
        </test-method> <!-- tearDown -->
        <test-method is-config="true" signature="setUp()[pri:0, instance:com.midhun.crmpro.tests.ContactsPageTest@3382f8ae]" started-at="2019-07-08T16:16:14Z" name="setUp" finished-at="2019-07-08T16:17:34Z" duration-ms="79361" status="PASS">
          <reporter-output>
          </reporter-output>
        </test-method> <!-- setUp -->
        <test-method signature="selectMultipleContactsTest()[pri:9, instance:com.midhun.crmpro.tests.ContactsPageTest@3382f8ae]" started-at="2019-07-08T16:17:34Z" name="selectMultipleContactsTest" description="User select multiple contacts" finished-at="2019-07-08T16:17:44Z" duration-ms="10499" status="PASS">
          <reporter-output>
          </reporter-output>
        </test-method> <!-- selectMultipleContactsTest -->
        <test-method is-config="true" signature="tearDown()[pri:0, instance:com.midhun.crmpro.tests.ContactsPageTest@3382f8ae]" started-at="2019-07-08T16:17:44Z" name="tearDown" finished-at="2019-07-08T16:17:45Z" duration-ms="807" status="PASS">
          <reporter-output>
          </reporter-output>
        </test-method> <!-- tearDown -->
      </class> <!-- com.midhun.crmpro.tests.ContactsPageTest -->
    </test> <!-- CRMPRO Application Regression Test Cases -->
  </suite> <!-- CRMPRO Application Test Suite -->
</testng-results>
