<?xml version="1.0" encoding="UTF-8"?>
<!-- Generated by org.testng.reporters.JUnitXMLReporter -->
<testsuite ignored="0" hostname="LAPTOP-T3ULBUPM" failures="1" tests="12" name="CRMPRO Application Regression Test Cases" time="797.754" errors="0" timestamp="08 Jul 2019 16:21:18 GMT">
  <testcase classname="com.midhun.crmpro.tests.LoginPageTest" name="validateLoginPageTitleTest" time="0.05">
    <failure type="java.lang.AssertionError" message="expected [CRMPRO  - CRM software for customer relationship management, sales, and support.] but found [CRM says…]">
      <![CDATA[java.lang.AssertionError: expected [CRMPRO  - CRM software for customer relationship management, sales, and support.] but found [CRM says…]
at com.midhun.crmpro.tests.LoginPageTest.validateLoginPageTitleTest(LoginPageTest.java:25)
... Removed 31 stack frames]]>
    </failure>
  </testcase> <!-- validateLoginPageTitleTest -->
  <testcase classname="com.midhun.crmpro.tests.LoginPageTest" name="crmproLogoTest" time="0.195"/>
  <testcase classname="com.midhun.crmpro.tests.LoginPageTest" name="loginTest" time="25.749"/>
  <testcase classname="com.midhun.crmpro.tests.HomePageTest" name="validateHomePageTitleTest" time="0.021"/>
  <testcase classname="com.midhun.crmpro.tests.HomePageTest" name="validateLoggedInUserNameTest" time="0.232"/>
  <testcase classname="com.midhun.crmpro.tests.HomePageTest" name="validateContactsLink" time="21.509"/>
  <testcase classname="com.midhun.crmpro.tests.ContactsPageTest" name="validateContactsLabelTest" time="0.122"/>
  <testcase classname="com.midhun.crmpro.tests.ContactsPageTest" name="selectSingleContactTest" time="5.25"/>
  <testcase classname="com.midhun.crmpro.tests.ContactsPageTest" name="selectMultipleContactsTest" time="10.499"/>
  <testcase classname="com.midhun.crmpro.tests.NewContactPageTest" name="createNewContactTest" time="4.164"/>
  <testcase classname="com.midhun.crmpro.tests.NewContactPageTest" name="createNewContactTest" time="3.887"/>
  <testcase classname="com.midhun.crmpro.tests.NewContactPageTest" name="createNewContactTest" time="3.347"/>
</testsuite> <!-- CRMPRO Application Regression Test Cases -->
